[backblue.gif]
[fade.gif]
[index.html]
[signup.heroku.com/assets/application-64747b11ecfe7bdd8abf5a7fb28678ff253fea47d1a8b278206a7a6d82c2f557.css]
[www.google.com/recaptcha/api011b.js]
[signup.heroku.com/indexbd98.html]
[www.googletagmanager.com/gtm5445.html]
[signup.heroku.com/index.html]
[signup.heroku.com/assets/application-05a889267aab002512fbd4ee8dc5374d93bfcee79da3d9033117331ff1ffa540.js]
[signup.heroku.com/assets/ruby-logo-e03135c8e4c5c1f49a1e2f457663033c55d3c02c828a30809a65a70d8a81b839.png]
[signup.heroku.com/assets/ruby-logo@2x-008c79245918701f09801c5ef04dd9574d8b78fb40780d9eb3e8d3518a3dc863.png]
[signup.heroku.com/assets/php-logo-ab57795a85b7e8a1bd5737b07ebae14b19f686103f400a7ac8b4bc08c9678c2d.png]
[signup.heroku.com/assets/php-logo@2x-a926321e09f034084a93557ef0fcc05ef939eae2b34d81a46bc5097709c46d2e.png]
[signup.heroku.com/assets/go-logo-5de758aa909c4139b9cd7aa886b5064e8e4ac6738c6fcec28decb620747d69ee.png]
[signup.heroku.com/assets/go-logo@2x-37955b08b13bdca550a32edab630ae2e583018e9a6da61d463c3b31539b3f0c3.png]
[signup.heroku.com/assets/nodejs_logo-7fe6c9453c086a0c660eac49ff5c57af3245bdbe7cb164e536e90dcd0b7cb9bf.png]
[signup.heroku.com/assets/nodejs_logo@2x-66b8b982393d6a2c3d541f2c6968e519868cc84e5c49955efde1a9b78dd5ae16.png]
[signup.heroku.com/assets/java-logo-59c01399b8834aa34fb0119562c91fd4d2c34d2ba35ce88c0c137cadd7e5ca4f.png]
[signup.heroku.com/assets/java-logo@2x-5319195bfa3ebc06f9f64f59440c9375f5d23866222b506700d3f7d68b6a52fe.png]
[signup.heroku.com/assets/python-logo-0b2cf36459c600626b8fa4c0d4df945dcecd18a7fa7457669d1e041a35f08ed4.png]
[signup.heroku.com/assets/python-logo@2x-a3864089e89504d4dd1e91cce3a9fd804696777264184f3932a72bf6bde6229b.png]
[signup.heroku.com/assets/sfs-logo-65b6e65e9059aeb3b20c3f7d6a86b7330ba4ebc6a1b6b0fd02361bd40c8239a3.png]
[signup.heroku.com/assets/sfs-logo@2x-96d5be62f560d76480f08f14d50cd06073552ac9343ba016d7107a3762614040.png]
[signup.heroku.com/assets/icon-workflow-4c1985c895a130aa1c35325eea9522ac90222220c6672e027d43f466dd831704.png]
[signup.heroku.com/assets/icon-workflow@2x-550d0a5a0e6ac3d6a864422a791ee179cf08b581b2f2e86a926f62c0769533fc.png]
[signup.heroku.com/assets/icon-workflow-purple-5efc45d8cf9b46e4ab612d804ba4b85afb266ee58654387f910eaf20239ead9c.png]
[signup.heroku.com/assets/icon-workflow-purple@2x-9477f21d1818e0f5f75c674fbe7d97f65b9dc3122c6695daae140a3859db4180.png]
[signup.heroku.com/assets/icon-bullet-7803b87f4df1a866cb1db1b24b41693cae358df05b42811862aeb84a085409f1.png]
[signup.heroku.com/assets/icon-bullet@2x-9349b1fbaab073c0444b46c586d5f0e8ff6b70040d34742ee830c408441ab0b8.png]
[signup.heroku.com/assets/icon-addons-d77e38d7facc5f3fdc5d530c3c42403cff71cbc48b7d6c87495c21a60519e7d0.png]
[signup.heroku.com/assets/icon-addons@2x-9be9b1e74ff8e27e6257750c8003e328893e513aaca3edbe617565968aebf838.png]
[signup.heroku.com/assets/icon-addons-purple-03d0f46c818a1197c4b454dcd0a00f3acfd6068d58b208490a58e84628db50e7.png]
[signup.heroku.com/assets/icon-addons-purple@2x-bb3f6c1816bc1f1317553116e33711f57929d66e38d845bbe2462011bba93f75.png]
[signup.heroku.com/assets/icon-metrics-a15385c3ac5060ea1b9083dc5eb2c9a43fb88c64c712e5cbcdcab0473b31930f.png]
[signup.heroku.com/assets/icon-metrics@2x-e2f5ceb39a2a7856c8aedb90ebe576cd1a4cfce858c85cf2b48ee6e793c46be9.png]
[signup.heroku.com/assets/icon-metrics-purple-80d13073ec514e68e24fdfb97ef7cd15cd8941bca9a1fcf1786a1edccb9fd357.png]
[signup.heroku.com/assets/icon-metrics-purple@2x-e82f0de572077f5419c1813e612614644d913a863060867ea8959564f50ccc22.png]
[signup.heroku.com/assets/icon-bullet-new-4b6e68eb4830375dbe2941a56eebaf949b3f95625477d17d04bd88c63b81e93c.png]
[signup.heroku.com/assets/icon-bullet-new@2x-fbfd257402a243c3fdfa852aaa39da87150fe728a231bba97b0d6b9feb7108f8.png]
[signup.heroku.com/assets/lang-selector/gray/clojure-ea07d00cffa2a47b69f79208b6f824939afb6121579ddb87c8afd8ea70158e8e.png]
[signup.heroku.com/assets/lang-selector/gray/java-3908d606f6d2a59be4b9027ef1fdeedd26deb91f312b545dbdd302f4c5405858.png]
[signup.heroku.com/assets/lang-selector/gray/go-a860b70c57ea8b6f06ecd8dd416a12a9cada7ddd7ced83975655da573ee45b67.png]
[signup.heroku.com/assets/lang-selector/gray/node-026793c2f88bab024d8e26e13d0547bc0e472fcbb1c29de052d7d3e8ef57261f.png]
[signup.heroku.com/assets/lang-selector/gray/php-c3066141893bb93925330b4585d7338096c3dba18c8977076963a7cfd5daca65.png]
[signup.heroku.com/assets/lang-selector/gray/python-a18c0eb53f0e9ba89111a61099bd41f7bdcd7ab73b70f55dcb2348ea8a2102a3.png]
[signup.heroku.com/assets/lang-selector/gray/ruby-b81f5233bd582ba9e1e74ff111a22f892871e443b8aea7c0c103b571f78bae7c.png]
[signup.heroku.com/assets/lang-selector/gray/scala-45e1cc1dd94d56ffcadabef8efc70ff01bd9acc4f9d7de0cf214f98a174b25e6.png]
[signup.heroku.com/assets/lang-selector/white/clojure-836c714e3f3acea7182ab5d1cc6308b4a591b172aa5e64d243be692b3c4ea334.png]
[signup.heroku.com/assets/lang-selector/white/java-98a6b75132df23dffeee7bb77d6440a468c05f9518d18693e309afbcb9766e4f.png]
[signup.heroku.com/assets/lang-selector/white/go-ccc910cb4107ee4756e7ffbbcd6fb245cf36695fd5f8860612800b85649e9cfc.png]
[signup.heroku.com/assets/lang-selector/white/node-d3a2aad7754046ac187fd717014fcb279d6a06dc861454e3d8e5a2f32c41244b.png]
[signup.heroku.com/assets/lang-selector/white/php-c063aa749c8621197d733cc3d6cfdd28240d0bea6feefdccbee167a6d460d0b1.png]
[signup.heroku.com/assets/lang-selector/white/python-051fe1935ce10f55f42832415d271e1f70c2994e6e033cfee5da35704fea83ce.png]
[signup.heroku.com/assets/lang-selector/white/ruby-7c5550fdc64dae298b5dba26a82d93b6670e9b0d49188c9416ca649464a0c4e6.png]
[signup.heroku.com/assets/lang-selector/white/scala-d9339d624f7e86daba4fd55e7f9364ef2ea7c69deb42805cc30607b2d54a8a3b.png]
[signup.heroku.com/assets/lang-selector/purple/clojure-d75b5c01b2ee31af61adaa9361eda5b8480f2d40ec0ca6cb5717ae49b943a1e6.png]
[signup.heroku.com/assets/lang-selector/purple/java-fe41a90c779884e771de6f98d1a4b827717cb6993413082892f5b5813c15bfc4.png]
[signup.heroku.com/assets/lang-selector/purple/go-581fe4d42ab761c043e2101b06410f5403b05f1d49835a324c01d843d346637b.png]
[signup.heroku.com/assets/lang-selector/purple/node-91d011d10948fcb79bfd1d939324a6d75cc11e283ec5c1600f575dbe8d0412e0.png]
[signup.heroku.com/assets/lang-selector/purple/php-9cd195c8c12e3368dd53c33806627c7a9a2ebecd1856244a2cfd65e6fd2029e1.png]
[signup.heroku.com/assets/lang-selector/purple/python-a45e5fa264da268038b61c5dbd731d84e189ff8692873311c45b8cf176fd26a5.png]
[signup.heroku.com/assets/lang-selector/purple/ruby-3935632d6efd7bd9a083fa8c739166820ad42a9cb302502743e4d8599e7df656.png]
[signup.heroku.com/assets/lang-selector/purple/scala-6e5815b08f735893ea97775a1e226d2ba3761be8b5ffe8ab2186018c41df8c11.png]
[signup.heroku.com/assets/logo-horizontal-30c94876b673967b26d0e4a698748b3a157e699845045b3b64fe69706c794bb9.png]
[signup.heroku.com/assets/logo-horizontal@2x-1dc719093957394192e73258c3ed79718b3e88b1d6353e90803a044effe9f91c.png]
[signup.heroku.com/assets/header-illustration-1d4f01f48a07704bdf0b4d562c3685052530aeaff6ae7a6f91c604a4741cf0aa.png]
[signup.heroku.com/assets/header-illustration@2x-a95868017949b1829bc4f61df29ca4896a720f635888bf49cf6a4bf9830cdc0d.png]
[signup.heroku.com/assets/application-64747b11ecfe7bdd8abf5a7fb28678ff253fea47d1a8b278206a7a6d82c2f557.css]
[signup.heroku.com/images/blockquote/open.html]
[signup.heroku.com/images/blockquote/open_2x.html]
[signup.heroku.com/images/blockquote/close.html]
[signup.heroku.com/images/blockquote/close_2x.html]
[signup.heroku.com/images/blockquote/open-sm.html]
[signup.heroku.com/images/blockquote/open-sm_2x.html]
[signup.heroku.com/images/blockquote/close-sm.html]
[signup.heroku.com/images/blockquote/close-sm_2x.html]
[signup.heroku.com/fonts/hk-icon/hk-icon.html]
